<?xml version="1.0" encoding="UTF-8"?>
<testsuites name="Amazon_TS_001" time="62.857" tests="3" failures="0" errors="1">
   <testsuite name="Amazon_TS_001" tests="3" failures="0" errors="1" time="62.857" skipped="0" timestamp="16-03-2025T16:47:13" hostname="USER - DESKTOP-2A7R3OJ" id="Test Suites/TS_Amazon_home/Amazon_TS_001">
      <properties>
         <property name="deviceName" value=""/>
         <property name="devicePlatform"/>
         <property name="logFolder" value="C:\\Users\\USER\\git\\Software-Automation-Testing-using-Katalon-for-Amazon-web-page\\Reports\\20250316_164706\\TS_Amazon_home\\Amazon_TS_001\\20250316_164707"/>
         <property name="logFiles" value="C:\\Users\\USER\\git\\Software-Automation-Testing-using-Katalon-for-Amazon-web-page\\Reports\\20250316_164706\\TS_Amazon_home\\Amazon_TS_001\\20250316_164707\\execution0.log"/>
         <property name="attachments" value=""/>
         <property name="hostName" value="USER - DESKTOP-2A7R3OJ"/>
         <property name="os" value="Windows 11 64bit"/>
         <property name="katalonVersion" value="10.1.0.223"/>
         <property name="browser" value="Chrome 134.0.6998.89"/>
         <property name="hostAddress" value="192.168.215.83"/>
         <property name="sessionId" value="ffb32047f78f1e1ea9eac9cb19d47ce2"/>
         <property name="seleniumVersion" value="4.22.0"/>
         <property name="proxyInformation" value="ProxyInformation { proxyOption=NO_PROXY, proxyServerType=HTTP, username=, password=********, proxyServerAddress=, proxyServerPort=0, executionList=&quot;&quot;, isApplyToDesiredCapabilities=true }"/>
         <property name="platform" value="Windows 11"/>
      </properties>
      <testcase name="Test Cases/TC_Amazon_001/Manual Testing" time="24.599" classname="Test Cases/TC_Amazon_001/Manual Testing" status="PASSED">
         <system-out><![CDATA[16-03-2025T16:47:13 - [TEST_CASE][PASSED] - Test Cases/TC_Amazon_001/Manual Testing: Test Cases/TC_Amazon_001/Manual Testing

16-03-2025T16:47:14 - [TEST_STEP][PASSED] - openBrowser(""): Browser is opened with url: ''

16-03-2025T16:47:14 - [MESSAGE][INFO] - Starting 'Chrome' driver

16-03-2025T16:47:14 - [MESSAGE][INFO] - Action delay is set to 0 milliseconds

16-03-2025T16:47:17 - [MESSAGE][PASSED] - Browser is opened with url: ''

16-03-2025T16:47:17 - [TEST_STEP][PASSED] - navigateToUrl("https://www.amazon.com/"): Navigate to 'https://www.amazon.com/' successfully

16-03-2025T16:47:21 - [MESSAGE][PASSED] - Navigate to 'https://www.amazon.com/' successfully

16-03-2025T16:47:21 - [TEST_STEP][PASSED] - setText(findTestObject("Amazon_manual_OR/input_Search Amazon_field-keywords"), "Da vinci code "): Text 'Da vinci code ' is set on object 'Object Repository/Amazon_manual_OR/input_Search Amazon_field-keywords'

16-03-2025T16:47:33 - [MESSAGE][PASSED] - Text 'Da vinci code ' is set on object 'Object Repository/Amazon_manual_OR/input_Search Amazon_field-keywords'

16-03-2025T16:47:33 - [TEST_STEP][PASSED] - click(findTestObject("Amazon_manual_OR/input_Search Amazon_nav-search-submit-button")): Object: 'Object Repository/Amazon_manual_OR/input_Search Amazon_nav-search-submit-button' is clicked on

16-03-2025T16:47:38 - [MESSAGE][PASSED] - Object: 'Object Repository/Amazon_manual_OR/input_Search Amazon_nav-search-submit-button' is clicked on

16-03-2025T16:47:38 - [TEST_STEP][PASSED] - closeBrowser(): Browser is closed

16-03-2025T16:47:38 - [MESSAGE][PASSED] - Browser is closed]]></system-out>
         <system-err><![CDATA[]]></system-err>
      </testcase>
      <testcase name="Test Cases/TC_Amazon_001/record and playback" time="23.077" classname="Test Cases/TC_Amazon_001/record and playback" status="PASSED">
         <system-out><![CDATA[16-03-2025T16:47:38 - [TEST_CASE][PASSED] - Test Cases/TC_Amazon_001/record and playback: Test Cases/TC_Amazon_001/record and playback

16-03-2025T16:47:38 - [TEST_STEP][PASSED] - openBrowser(""): Browser is opened with url: ''

16-03-2025T16:47:38 - [MESSAGE][INFO] - Starting 'Chrome' driver

16-03-2025T16:47:38 - [MESSAGE][INFO] - Action delay is set to 0 milliseconds

16-03-2025T16:47:39 - [MESSAGE][PASSED] - Browser is opened with url: ''

16-03-2025T16:47:39 - [TEST_STEP][PASSED] - navigateToUrl("https://www.amazon.com/"): Navigate to 'https://www.amazon.com/' successfully

16-03-2025T16:47:41 - [MESSAGE][PASSED] - Navigate to 'https://www.amazon.com/' successfully

16-03-2025T16:47:41 - [TEST_STEP][PASSED] - setText(findTestObject("Object Repository/Amazon_OR/Page_Amazon.com/input_Try different image_field-keywords"), ""): Text '' is set on object 'Object Repository/Amazon_OR/Page_Amazon.com/input_Try different image_field-keywords'

16-03-2025T16:47:42 - [MESSAGE][PASSED] - Text '' is set on object 'Object Repository/Amazon_OR/Page_Amazon.com/input_Try different image_field-keywords'

16-03-2025T16:47:42 - [TEST_STEP][PASSED] - click(findTestObject("Object Repository/Amazon_OR/Page_Amazon.com/button_Continue shopping")): Object: 'Object Repository/Amazon_OR/Page_Amazon.com/button_Continue shopping' is clicked on

16-03-2025T16:47:42 - [MESSAGE][PASSED] - Object: 'Object Repository/Amazon_OR/Page_Amazon.com/button_Continue shopping' is clicked on

16-03-2025T16:47:42 - [TEST_STEP][PASSED] - selectOptionByValue(findTestObject("Object Repository/Amazon_OR/Page_Amazon.com. Spend less. Smile more/select_All Departments        Arts  Crafts _135c92"), "search-alias=stripbooks-intl-ship", true): All options with value 'search-alias=stripbooks-intl-ship' are selected in object 'Object Repository/Amazon_OR/Page_Amazon.com. Spend less. Smile more/select_All Departments        Arts  Crafts _135c92'  using regular expression

16-03-2025T16:47:55 - [MESSAGE][PASSED] - All options with value 'search-alias=stripbooks-intl-ship' are selected in object 'Object Repository/Amazon_OR/Page_Amazon.com. Spend less. Smile more/select_All Departments        Arts  Crafts _135c92'  using regular expression

16-03-2025T16:47:55 - [TEST_STEP][PASSED] - setText(findTestObject("Object Repository/Amazon_manual_OR/input_Search Amazon_field-keywords"), "Da vinci code"): Text 'Da vinci code' is set on object 'Object Repository/Amazon_manual_OR/input_Search Amazon_field-keywords'

16-03-2025T16:47:56 - [MESSAGE][PASSED] - Text 'Da vinci code' is set on object 'Object Repository/Amazon_manual_OR/input_Search Amazon_field-keywords'

16-03-2025T16:47:56 - [TEST_STEP][PASSED] - click(findTestObject("Object Repository/Amazon_manual_OR/input_Search Amazon_nav-search-submit-button")): Object: 'Object Repository/Amazon_manual_OR/input_Search Amazon_nav-search-submit-button' is clicked on

16-03-2025T16:48:01 - [MESSAGE][PASSED] - Object: 'Object Repository/Amazon_manual_OR/input_Search Amazon_nav-search-submit-button' is clicked on

16-03-2025T16:48:01 - [TEST_STEP][PASSED] - closeBrowser(): Browser is closed

16-03-2025T16:48:01 - [MESSAGE][PASSED] - Browser is closed]]></system-out>
         <system-err><![CDATA[]]></system-err>
      </testcase>
      <testcase name="Test Cases/TC_Amazon_001/script testing" time="4.483" classname="Test Cases/TC_Amazon_001/script testing" status="ERROR">
         <error type="ERROR" message="Test Cases/TC_Amazon_001/script testing FAILED.&#xa;Reason:&#xa;groovy.lang.MissingMethodException: No signature of method: Script1742120824849.findTestObjec() is applicable for argument types: (String) values: []&#xa;	at script testing.run(script testing:28)&#xa;	at com.kms.katalon.core.main.ScriptEngine.run(ScriptEngine.java:194)&#xa;	at com.kms.katalon.core.main.ScriptEngine.runScriptAsRawText(ScriptEngine.java:119)&#xa;	at com.kms.katalon.core.main.TestCaseExecutor.runScript(TestCaseExecutor.java:448)&#xa;	at com.kms.katalon.core.main.TestCaseExecutor.doExecute(TestCaseExecutor.java:439)&#xa;	at com.kms.katalon.core.main.TestCaseExecutor.processExecutionPhase(TestCaseExecutor.java:418)&#xa;	at com.kms.katalon.core.main.TestCaseExecutor.accessMainPhase(TestCaseExecutor.java:410)&#xa;	at com.kms.katalon.core.main.TestCaseExecutor.execute(TestCaseExecutor.java:285)&#xa;	at com.kms.katalon.core.main.TestCaseExecutor.execute(TestCaseExecutor.java:369)&#xa;	at com.kms.katalon.core.main.TestCaseExecutor.execute(TestCaseExecutor.java:369)&#xa;	at com.kms.katalon.core.main.TestCaseExecutor.execute(TestCaseExecutor.java:369)&#xa;	at com.kms.katalon.core.common.CommonExecutor.accessTestCaseMainPhase(CommonExecutor.java:71)&#xa;	at com.kms.katalon.core.main.TestSuiteExecutor.accessTestSuiteMainPhase(TestSuiteExecutor.java:160)&#xa;	at com.kms.katalon.core.main.TestSuiteExecutor.execute(TestSuiteExecutor.java:107)&#xa;	at com.kms.katalon.core.main.TestCaseMain.startTestSuite(TestCaseMain.java:180)&#xa;	at TempTestSuite1742123827397.run(TempTestSuite1742123827397.groovy:35)&#xa;	at java.base/jdk.internal.reflect.NativeMethodAccessorImpl.invoke0(Native Method)&#xa;	at java.base/jdk.internal.reflect.NativeMethodAccessorImpl.invoke(NativeMethodAccessorImpl.java:77)&#xa;	at java.base/jdk.internal.reflect.DelegatingMethodAccessorImpl.invoke(DelegatingMethodAccessorImpl.java:43)&#xa;"/>
         <system-out><![CDATA[16-03-2025T16:48:11 - [TEST_CASE][ERROR] - Test Cases/TC_Amazon_001/script testing: Test Cases/TC_Amazon_001/script testing FAILED.
Reason:
groovy.lang.MissingMethodException: No signature of method: Script1742120824849.findTestObjec() is applicable for argument types: (String) values: []
	at script testing.run(script testing:28)
	at com.kms.katalon.core.main.ScriptEngine.run(ScriptEngine.java:194)
	at com.kms.katalon.core.main.ScriptEngine.runScriptAsRawText(ScriptEngine.java:119)
	at com.kms.katalon.core.main.TestCaseExecutor.runScript(TestCaseExecutor.java:448)
	at com.kms.katalon.core.main.TestCaseExecutor.doExecute(TestCaseExecutor.java:439)
	at com.kms.katalon.core.main.TestCaseExecutor.processExecutionPhase(TestCaseExecutor.java:418)
	at com.kms.katalon.core.main.TestCaseExecutor.accessMainPhase(TestCaseExecutor.java:410)
	at com.kms.katalon.core.main.TestCaseExecutor.execute(TestCaseExecutor.java:285)
	at com.kms.katalon.core.main.TestCaseExecutor.execute(TestCaseExecutor.java:369)
	at com.kms.katalon.core.main.TestCaseExecutor.execute(TestCaseExecutor.java:369)
	at com.kms.katalon.core.main.TestCaseExecutor.execute(TestCaseExecutor.java:369)
	at com.kms.katalon.core.common.CommonExecutor.accessTestCaseMainPhase(CommonExecutor.java:71)
	at com.kms.katalon.core.main.TestSuiteExecutor.accessTestSuiteMainPhase(TestSuiteExecutor.java:160)
	at com.kms.katalon.core.main.TestSuiteExecutor.execute(TestSuiteExecutor.java:107)
	at com.kms.katalon.core.main.TestCaseMain.startTestSuite(TestCaseMain.java:180)
	at TempTestSuite1742123827397.run(TempTestSuite1742123827397.groovy:35)
	at java.base/jdk.internal.reflect.NativeMethodAccessorImpl.invoke0(Native Method)
	at java.base/jdk.internal.reflect.NativeMethodAccessorImpl.invoke(NativeMethodAccessorImpl.java:77)
	at java.base/jdk.internal.reflect.DelegatingMethodAccessorImpl.invoke(DelegatingMethodAccessorImpl.java:43)


16-03-2025T16:48:11 - [TEST_STEP][PASSED] - openBrowser(""): Browser is opened with url: ''

16-03-2025T16:48:11 - [MESSAGE][WARNING] - A browser is already opened. Closing browser and opening a new one

16-03-2025T16:48:12 - [MESSAGE][INFO] - Starting 'Chrome' driver

16-03-2025T16:48:12 - [MESSAGE][INFO] - Action delay is set to 0 milliseconds

16-03-2025T16:48:13 - [MESSAGE][PASSED] - Browser is opened with url: ''

16-03-2025T16:48:13 - [TEST_STEP][PASSED] - navigateToUrl("https://www.amazon.com/"): Navigate to 'https://www.amazon.com/' successfully

16-03-2025T16:48:16 - [MESSAGE][PASSED] - Navigate to 'https://www.amazon.com/' successfully

16-03-2025T16:48:16 - [TEST_STEP][ERROR] - selectOptionByLabel(findTestObjec(""), "Books", false): Test Cases/TC_Amazon_001/script testing FAILED.
Reason:
groovy.lang.MissingMethodException: No signature of method: Script1742120824849.findTestObjec() is applicable for argument types: (String) values: []
	at script testing.run(script testing:28)
	at com.kms.katalon.core.main.ScriptEngine.run(ScriptEngine.java:194)
	at com.kms.katalon.core.main.ScriptEngine.runScriptAsRawText(ScriptEngine.java:119)
	at com.kms.katalon.core.main.TestCaseExecutor.runScript(TestCaseExecutor.java:448)
	at com.kms.katalon.core.main.TestCaseExecutor.doExecute(TestCaseExecutor.java:439)
	at com.kms.katalon.core.main.TestCaseExecutor.processExecutionPhase(TestCaseExecutor.java:418)
	at com.kms.katalon.core.main.TestCaseExecutor.accessMainPhase(TestCaseExecutor.java:410)
	at com.kms.katalon.core.main.TestCaseExecutor.execute(TestCaseExecutor.java:285)
	at com.kms.katalon.core.main.TestCaseExecutor.execute(TestCaseExecutor.java:369)
	at com.kms.katalon.core.main.TestCaseExecutor.execute(TestCaseExecutor.java:369)
	at com.kms.katalon.core.main.TestCaseExecutor.execute(TestCaseExecutor.java:369)
	at com.kms.katalon.core.common.CommonExecutor.accessTestCaseMainPhase(CommonExecutor.java:71)
	at com.kms.katalon.core.main.TestSuiteExecutor.accessTestSuiteMainPhase(TestSuiteExecutor.java:160)
	at com.kms.katalon.core.main.TestSuiteExecutor.execute(TestSuiteExecutor.java:107)
	at com.kms.katalon.core.main.TestCaseMain.startTestSuite(TestCaseMain.java:180)
	at TempTestSuite1742123827397.run(TempTestSuite1742123827397.groovy:35)
	at java.base/jdk.internal.reflect.NativeMethodAccessorImpl.invoke0(Native Method)
	at java.base/jdk.internal.reflect.NativeMethodAccessorImpl.invoke(NativeMethodAccessorImpl.java:77)
	at java.base/jdk.internal.reflect.DelegatingMethodAccessorImpl.invoke(DelegatingMethodAccessorImpl.java:43)


16-03-2025T16:48:16 - [MESSAGE][ERROR] - Test Cases/TC_Amazon_001/script testing FAILED.
Reason:
groovy.lang.MissingMethodException: No signature of method: Script1742120824849.findTestObjec() is applicable for argument types: (String) values: []
	at script testing.run(script testing:28)
	at com.kms.katalon.core.main.ScriptEngine.run(ScriptEngine.java:194)
	at com.kms.katalon.core.main.ScriptEngine.runScriptAsRawText(ScriptEngine.java:119)
	at com.kms.katalon.core.main.TestCaseExecutor.runScript(TestCaseExecutor.java:448)
	at com.kms.katalon.core.main.TestCaseExecutor.doExecute(TestCaseExecutor.java:439)
	at com.kms.katalon.core.main.TestCaseExecutor.processExecutionPhase(TestCaseExecutor.java:418)
	at com.kms.katalon.core.main.TestCaseExecutor.accessMainPhase(TestCaseExecutor.java:410)
	at com.kms.katalon.core.main.TestCaseExecutor.execute(TestCaseExecutor.java:285)
	at com.kms.katalon.core.main.TestCaseExecutor.execute(TestCaseExecutor.java:369)
	at com.kms.katalon.core.main.TestCaseExecutor.execute(TestCaseExecutor.java:369)
	at com.kms.katalon.core.main.TestCaseExecutor.execute(TestCaseExecutor.java:369)
	at com.kms.katalon.core.common.CommonExecutor.accessTestCaseMainPhase(CommonExecutor.java:71)
	at com.kms.katalon.core.main.TestSuiteExecutor.accessTestSuiteMainPhase(TestSuiteExecutor.java:160)
	at com.kms.katalon.core.main.TestSuiteExecutor.execute(TestSuiteExecutor.java:107)
	at com.kms.katalon.core.main.TestCaseMain.startTestSuite(TestCaseMain.java:180)
	at TempTestSuite1742123827397.run(TempTestSuite1742123827397.groovy:35)
	at java.base/jdk.internal.reflect.NativeMethodAccessorImpl.invoke0(Native Method)
	at java.base/jdk.internal.reflect.NativeMethodAccessorImpl.invoke(NativeMethodAccessorImpl.java:77)
	at java.base/jdk.internal.reflect.DelegatingMethodAccessorImpl.invoke(DelegatingMethodAccessorImpl.java:43)]]></system-out>
         <system-err><![CDATA[16-03-2025T16:48:11 - [TEST_CASE][ERROR] - Test Cases/TC_Amazon_001/script testing: Test Cases/TC_Amazon_001/script testing FAILED.
Reason:
groovy.lang.MissingMethodException: No signature of method: Script1742120824849.findTestObjec() is applicable for argument types: (String) values: []
	at script testing.run(script testing:28)
	at com.kms.katalon.core.main.ScriptEngine.run(ScriptEngine.java:194)
	at com.kms.katalon.core.main.ScriptEngine.runScriptAsRawText(ScriptEngine.java:119)
	at com.kms.katalon.core.main.TestCaseExecutor.runScript(TestCaseExecutor.java:448)
	at com.kms.katalon.core.main.TestCaseExecutor.doExecute(TestCaseExecutor.java:439)
	at com.kms.katalon.core.main.TestCaseExecutor.processExecutionPhase(TestCaseExecutor.java:418)
	at com.kms.katalon.core.main.TestCaseExecutor.accessMainPhase(TestCaseExecutor.java:410)
	at com.kms.katalon.core.main.TestCaseExecutor.execute(TestCaseExecutor.java:285)
	at com.kms.katalon.core.main.TestCaseExecutor.execute(TestCaseExecutor.java:369)
	at com.kms.katalon.core.main.TestCaseExecutor.execute(TestCaseExecutor.java:369)
	at com.kms.katalon.core.main.TestCaseExecutor.execute(TestCaseExecutor.java:369)
	at com.kms.katalon.core.common.CommonExecutor.accessTestCaseMainPhase(CommonExecutor.java:71)
	at com.kms.katalon.core.main.TestSuiteExecutor.accessTestSuiteMainPhase(TestSuiteExecutor.java:160)
	at com.kms.katalon.core.main.TestSuiteExecutor.execute(TestSuiteExecutor.java:107)
	at com.kms.katalon.core.main.TestCaseMain.startTestSuite(TestCaseMain.java:180)
	at TempTestSuite1742123827397.run(TempTestSuite1742123827397.groovy:35)
	at java.base/jdk.internal.reflect.NativeMethodAccessorImpl.invoke0(Native Method)
	at java.base/jdk.internal.reflect.NativeMethodAccessorImpl.invoke(NativeMethodAccessorImpl.java:77)
	at java.base/jdk.internal.reflect.DelegatingMethodAccessorImpl.invoke(DelegatingMethodAccessorImpl.java:43)]]></system-err>
      </testcase>
      <system-out><![CDATA[16-03-2025T16:47:13 - [TEST_SUITE][ERROR] - Amazon_TS_001: Test Cases/TC_Amazon_001/script testing FAILED.
Reason:
groovy.lang.MissingMethodException: No signature of method: Script1742120824849.findTestObjec() is applicable for argument types: (String) values: []
	at script testing.run(script testing:28)
	at com.kms.katalon.core.main.ScriptEngine.run(ScriptEngine.java:194)
	at com.kms.katalon.core.main.ScriptEngine.runScriptAsRawText(ScriptEngine.java:119)
	at com.kms.katalon.core.main.TestCaseExecutor.runScript(TestCaseExecutor.java:448)
	at com.kms.katalon.core.main.TestCaseExecutor.doExecute(TestCaseExecutor.java:439)
	at com.kms.katalon.core.main.TestCaseExecutor.processExecutionPhase(TestCaseExecutor.java:418)
	at com.kms.katalon.core.main.TestCaseExecutor.accessMainPhase(TestCaseExecutor.java:410)
	at com.kms.katalon.core.main.TestCaseExecutor.execute(TestCaseExecutor.java:285)
	at com.kms.katalon.core.common.CommonExecutor.accessTestCaseMainPhase(CommonExecutor.java:71)
	at com.kms.katalon.core.main.TestSuiteExecutor.accessTestSuiteMainPhase(TestSuiteExecutor.java:160)
	at com.kms.katalon.core.main.TestSuiteExecutor.execute(TestSuiteExecutor.java:107)
	at com.kms.katalon.core.main.TestCaseMain.startTestSuite(TestCaseMain.java:180)
	at TempTestSuite1742123827397.run(TempTestSuite1742123827397.groovy:35)
	at java.base/jdk.internal.reflect.NativeMethodAccessorImpl.invoke0(Native Method)
	at java.base/jdk.internal.reflect.NativeMethodAccessorImpl.invoke(NativeMethodAccessorImpl.java:77)
	at java.base/jdk.internal.reflect.DelegatingMethodAccessorImpl.invoke(DelegatingMethodAccessorImpl.java:43)]]></system-out>
      <system-err><![CDATA[16-03-2025T16:47:13 - [TEST_SUITE][ERROR] - Amazon_TS_001: Test Cases/TC_Amazon_001/script testing FAILED.
Reason:
groovy.lang.MissingMethodException: No signature of method: Script1742120824849.findTestObjec() is applicable for argument types: (String) values: []
	at script testing.run(script testing:28)
	at com.kms.katalon.core.main.ScriptEngine.run(ScriptEngine.java:194)
	at com.kms.katalon.core.main.ScriptEngine.runScriptAsRawText(ScriptEngine.java:119)
	at com.kms.katalon.core.main.TestCaseExecutor.runScript(TestCaseExecutor.java:448)
	at com.kms.katalon.core.main.TestCaseExecutor.doExecute(TestCaseExecutor.java:439)
	at com.kms.katalon.core.main.TestCaseExecutor.processExecutionPhase(TestCaseExecutor.java:418)
	at com.kms.katalon.core.main.TestCaseExecutor.accessMainPhase(TestCaseExecutor.java:410)
	at com.kms.katalon.core.main.TestCaseExecutor.execute(TestCaseExecutor.java:285)
	at com.kms.katalon.core.common.CommonExecutor.accessTestCaseMainPhase(CommonExecutor.java:71)
	at com.kms.katalon.core.main.TestSuiteExecutor.accessTestSuiteMainPhase(TestSuiteExecutor.java:160)
	at com.kms.katalon.core.main.TestSuiteExecutor.execute(TestSuiteExecutor.java:107)
	at com.kms.katalon.core.main.TestCaseMain.startTestSuite(TestCaseMain.java:180)
	at TempTestSuite1742123827397.run(TempTestSuite1742123827397.groovy:35)
	at java.base/jdk.internal.reflect.NativeMethodAccessorImpl.invoke0(Native Method)
	at java.base/jdk.internal.reflect.NativeMethodAccessorImpl.invoke(NativeMethodAccessorImpl.java:77)
	at java.base/jdk.internal.reflect.DelegatingMethodAccessorImpl.invoke(DelegatingMethodAccessorImpl.java:43)]]></system-err>
   </testsuite>
</testsuites>
